<?xml version="1.0" encoding="UTF-8" ?>
<testsuite failures="0" time="0.038" errors="0" skipped="0" tests="3" name="de.uniluebeck.itm.spitfire.nCoap.message.options.TestOpaqueOption">
  <properties>
    <property name="java.runtime.name" value="Java(TM) SE Runtime Environment"/>
    <property name="sun.boot.library.path" value="C:\Program Files\Java\jdk1.7.0\jre\bin"/>
    <property name="java.vm.version" value="21.0-b15"/>
    <property name="java.vm.vendor" value="Oracle Corporation"/>
    <property name="java.vendor.url" value="http://java.oracle.com/"/>
    <property name="path.separator" value=";"/>
    <property name="java.vm.name" value="Java HotSpot(TM) 64-Bit Server VM"/>
    <property name="file.encoding.pkg" value="sun.io"/>
    <property name="user.script" value=""/>
    <property name="user.country" value="DE"/>
    <property name="sun.java.launcher" value="SUN_STANDARD"/>
    <property name="sun.os.patch.level" value="Service Pack 1"/>
    <property name="java.vm.specification.name" value="Java Virtual Machine Specification"/>
    <property name="user.dir" value="C:\Users\olli\Documents\Spitfire\impl\nCoAP"/>
    <property name="java.runtime.version" value="1.7.0-ea-b145"/>
    <property name="java.awt.graphicsenv" value="sun.awt.Win32GraphicsEnvironment"/>
    <property name="basedir" value="C:\Users\olli\Documents\Spitfire\impl\nCoAP"/>
    <property name="java.endorsed.dirs" value="C:\Program Files\Java\jdk1.7.0\jre\lib\endorsed"/>
    <property name="os.arch" value="amd64"/>
    <property name="surefire.real.class.path" value="C:\Users\olli\Documents\Spitfire\impl\nCoAP\target\surefire\surefirebooter2983569953258918440.jar"/>
    <property name="java.io.tmpdir" value="C:\Users\olli\AppData\Local\Temp\"/>
    <property name="line.separator" value="
"/>
    <property name="java.vm.specification.vendor" value="Oracle Corporation"/>
    <property name="user.variant" value=""/>
    <property name="os.name" value="Windows 7"/>
    <property name="sun.jnu.encoding" value="Cp1252"/>
    <property name="java.library.path" value="C:\Program Files\Java\jdk1.7.0\jre\bin;.;C:\Windows\Sun\Java\bin;C:\Windows\system32;C:\Windows;C:\Program Files (x86)\JetBrains\IntelliJ IDEA Community Edition 10.5.2\bin\..\.\bin;C:\Program Files (x86)\MiKTeX 2.9\miktex\bin;C:\Windows\system32;C:\Windows;C:\Windows\System32\Wbem;C:\Windows\System32\WindowsPowerShell\v1.0\;C:\Program Files\Dell\DW WLAN Card;C:\Program Files\Java\jdk1.6.0_21\bin;C:\Program Files (x86)\Common Files\Acronis\SnapAPI\;C:\Program Files\MATLAB\R2010b\runtime\win64;C:\Program Files\MATLAB\R2010b\bin;C:\Program Files\WIDCOMM\Bluetooth Software\;C:\Program Files\WIDCOMM\Bluetooth Software\syswow64;C:\Program Files\TortoiseSVN\bin;c:\cygwin\bin;C:\cygwin\opt\ba-elf-r11976.i686-cygwin\bin;C:\Program Files (x86)\Graphviz2.26.3\bin;C:\Program Files (x86)\apache-maven-3.0.3\bin;c:\Program Files (x86)\Microsoft SQL Server\100\Tools\Binn\;c:\Program Files\Microsoft SQL Server\100\Tools\Binn\;c:\Program Files\Microsoft SQL Server\100\DTS\Binn\;c:\program files (x86)\jetbrains\intellij idea community edition 10.5.2\jre\jre\bin"/>
    <property name="surefire.test.class.path" value="C:\Users\olli\Documents\Spitfire\impl\nCoAP\target\test-classes;C:\Users\olli\Documents\Spitfire\impl\nCoAP\target\classes;C:\Users\olli\.m2\repository\log4j\log4j\1.2.16\log4j-1.2.16.jar;C:\Users\olli\.m2\repository\junit\junit\4.10\junit-4.10.jar;C:\Users\olli\.m2\repository\org\hamcrest\hamcrest-core\1.1\hamcrest-core-1.1.jar;C:\Users\olli\.m2\repository\org\jboss\netty\netty\3.2.6.Final\netty-3.2.6.Final.jar;C:\Users\olli\.m2\repository\com\google\guava\guava\11.0\guava-11.0.jar;C:\Users\olli\.m2\repository\com\google\code\findbugs\jsr305\1.3.9\jsr305-1.3.9.jar;C:\Users\olli\.m2\repository\commons-configuration\commons-configuration\1.8\commons-configuration-1.8.jar;C:\Users\olli\.m2\repository\commons-lang\commons-lang\2.6\commons-lang-2.6.jar;C:\Users\olli\.m2\repository\commons-logging\commons-logging\1.1.1\commons-logging-1.1.1.jar;"/>
    <property name="java.specification.name" value="Java Platform API Specification"/>
    <property name="java.class.version" value="51.0"/>
    <property name="sun.management.compiler" value="HotSpot 64-Bit Tiered Compilers"/>
    <property name="os.version" value="6.1"/>
    <property name="user.home" value="C:\Users\olli"/>
    <property name="user.timezone" value=""/>
    <property name="java.awt.printerjob" value="sun.awt.windows.WPrinterJob"/>
    <property name="java.specification.version" value="1.7"/>
    <property name="file.encoding" value="Cp1252"/>
    <property name="user.name" value="olli"/>
    <property name="java.class.path" value="C:\Users\olli\Documents\Spitfire\impl\nCoAP\target\test-classes;C:\Users\olli\Documents\Spitfire\impl\nCoAP\target\classes;C:\Users\olli\.m2\repository\log4j\log4j\1.2.16\log4j-1.2.16.jar;C:\Users\olli\.m2\repository\junit\junit\4.10\junit-4.10.jar;C:\Users\olli\.m2\repository\org\hamcrest\hamcrest-core\1.1\hamcrest-core-1.1.jar;C:\Users\olli\.m2\repository\org\jboss\netty\netty\3.2.6.Final\netty-3.2.6.Final.jar;C:\Users\olli\.m2\repository\com\google\guava\guava\11.0\guava-11.0.jar;C:\Users\olli\.m2\repository\com\google\code\findbugs\jsr305\1.3.9\jsr305-1.3.9.jar;C:\Users\olli\.m2\repository\commons-configuration\commons-configuration\1.8\commons-configuration-1.8.jar;C:\Users\olli\.m2\repository\commons-lang\commons-lang\2.6\commons-lang-2.6.jar;C:\Users\olli\.m2\repository\commons-logging\commons-logging\1.1.1\commons-logging-1.1.1.jar;"/>
    <property name="java.vm.specification.version" value="1.7"/>
    <property name="sun.arch.data.model" value="64"/>
    <property name="java.home" value="C:\Program Files\Java\jdk1.7.0\jre"/>
    <property name="sun.java.command" value="C:\Users\olli\Documents\Spitfire\impl\nCoAP\target\surefire\surefirebooter2983569953258918440.jar C:\Users\olli\Documents\Spitfire\impl\nCoAP\target\surefire\surefire3174269164905304108tmp C:\Users\olli\Documents\Spitfire\impl\nCoAP\target\surefire\surefire8093011217864074797tmp"/>
    <property name="java.specification.vendor" value="Oracle Corporation"/>
    <property name="user.language" value="de"/>
    <property name="awt.toolkit" value="sun.awt.windows.WToolkit"/>
    <property name="java.vm.info" value="mixed mode"/>
    <property name="java.version" value="1.7.0-ea"/>
    <property name="java.ext.dirs" value="C:\Program Files\Java\jdk1.7.0\jre\lib\ext;C:\Windows\Sun\Java\lib\ext"/>
    <property name="sun.boot.class.path" value="C:\Program Files\Java\jdk1.7.0\jre\lib\resources.jar;C:\Program Files\Java\jdk1.7.0\jre\lib\rt.jar;C:\Program Files\Java\jdk1.7.0\jre\lib\sunrsasign.jar;C:\Program Files\Java\jdk1.7.0\jre\lib\jsse.jar;C:\Program Files\Java\jdk1.7.0\jre\lib\jce.jar;C:\Program Files\Java\jdk1.7.0\jre\lib\charsets.jar;C:\Program Files\Java\jdk1.7.0\jre\classes"/>
    <property name="java.vendor" value="Oracle Corporation"/>
    <property name="localRepository" value="C:\Users\olli\.m2\repository"/>
    <property name="file.separator" value="\"/>
    <property name="java.vendor.url.bug" value="http://bugreport.sun.com/bugreport/"/>
    <property name="sun.cpu.endian" value="little"/>
    <property name="sun.io.unicode.encoding" value="UnicodeLittle"/>
    <property name="sun.desktop" value="windows"/>
    <property name="sun.cpu.isalist" value="amd64"/>
  </properties>
  <testcase time="0.001" classname="de.uniluebeck.itm.spitfire.nCoap.message.options.TestOpaqueOption" name="testObjectCreation1"/>
  <testcase time="0" classname="de.uniluebeck.itm.spitfire.nCoap.message.options.TestOpaqueOption" name="testObjectCreation2"/>
  <testcase time="0" classname="de.uniluebeck.itm.spitfire.nCoap.message.options.TestOpaqueOption" name="testObjectCreation3"/>
</testsuite>